#
# There is insufficient memory for the Java Runtime Environment to continue.
# Native memory allocation (mmap) failed to map 130023424 bytes. Error detail: G1 virtual space
# Possible reasons:
#   The system is out of physical RAM or swap space
#   This process is running with CompressedOops enabled, and the Java Heap may be blocking the growth of the native heap
# Possible solutions:
#   Reduce memory load on the system
#   Increase physical memory or swap space
#   Check if swap backing store is full
#   Decrease Java heap size (-Xmx/-Xms)
#   Decrease number of Java threads
#   Decrease Java thread stack sizes (-Xss)
#   Set larger code cache with -XX:ReservedCodeCacheSize=
#   JVM is running with Unscaled Compressed Oops mode in which the Java heap is
#     placed in the first 4GB address space. The Java Heap base address is the
#     maximum limit for the native heap growth. Please use -XX:HeapBaseMinAddress
#     to set the Java Heap base and to place the Java Heap above 4GB virtual address.
# This output file may be truncated or incomplete.
#
#  Out of Memory Error (os_windows.cpp:3925), pid=23164, tid=31692
#
# JRE version:  (21.0.8+1) (build )
# Java VM: OpenJDK 64-Bit Server VM (21.0.8+1-b1038.72, mixed mode, sharing, tiered, compressed oops, compressed class ptrs, g1 gc, windows-amd64)
# No core dump will be written. Minidumps are not enabled by default on client versions of Windows
#

---------------  S U M M A R Y ------------

Command Line: git4idea.http.GitAskPassApp Username for 'https://github.com': 

Host: 11th Gen Intel(R) Core(TM) i5-1135G7 @ 2.40GHz, 8 cores, 7G,  Windows 11 , 64 bit Build 26100 (10.0.26100.7309)
Time: Fri Dec 19 02:18:15 2025 Eastern Standard Time elapsed time: 1.538764 seconds (0d 0h 0m 1s)

---------------  T H R E A D  ---------------

Current thread (0x0000023c8efa4bd0):  JavaThread "Unknown thread" [_thread_in_vm, id=31692, stack(0x0000005ba2900000,0x0000005ba2a00000) (1024K)]

Stack: [0x0000005ba2900000,0x0000005ba2a00000]
Native frames: (J=compiled Java code, j=interpreted, Vv=VM code, C=native code)
V  [jvm.dll+0x6ebeb9]
V  [jvm.dll+0x8cbec3]
V  [jvm.dll+0x8ce47e]
V  [jvm.dll+0x8ceb63]
V  [jvm.dll+0x28adf6]
V  [jvm.dll+0x6e8695]
V  [jvm.dll+0x6dbeea]
V  [jvm.dll+0x36689b]
V  [jvm.dll+0x36e466]
V  [jvm.dll+0x3c08c6]
V  [jvm.dll+0x3c0b98]
V  [jvm.dll+0x3390cc]
V  [jvm.dll+0x339dbb]
V  [jvm.dll+0x893349]
V  [jvm.dll+0x3cda98]
V  [jvm.dll+0x87c368]
V  [jvm.dll+0x46283e]
V  [jvm.dll+0x464521]
C  [jli.dll+0x52ab]
C  [ucrtbase.dll+0x37b0]
C  [KERNEL32.DLL+0x2e8d7]
C  [ntdll.dll+0x8c53c]


---------------  P R O C E S S  ---------------

Threads class SMR info:
_java_thread_list=0x00007ff9409c32c8, length=0, elements={
}

Java Threads: ( => current thread )
Total: 0

Other Threads:
  0x0000023c9137f030 WorkerThread "GC Thread#0"                     [id=33772, stack(0x0000005ba2a00000,0x0000005ba2b00000) (1024K)]
  0x0000023c913ace40 ConcurrentGCThread "G1 Main Marker"            [id=8488, stack(0x0000005ba2b00000,0x0000005ba2c00000) (1024K)]
  0x0000023c913ae950 WorkerThread "G1 Conc#0"                       [id=8728, stack(0x0000005ba2c00000,0x0000005ba2d00000) (1024K)]

[error occurred during error reporting (printing all threads), id 0xc0000005, EXCEPTION_ACCESS_VIOLATION (0xc0000005) at pc=0x00007ff9400ac0b7]
VM state: not at safepoint (not fully initialized)

VM Mutex/Monitor currently owned by a thread:  ([mutex/lock_event])
[0x00007ff940a37d58] Heap_lock - owner thread: 0x0000023c8efa4bd0

Heap address: 0x0000000084400000, size: 1980 MB, Compressed Oops mode: 32-bit

CDS archive(s) mapped at: [0x0000000000000000-0x0000000000000000-0x0000000000000000), size 0, SharedBaseAddress: 0x0000000800000000, ArchiveRelocationMode: 1.
Narrow klass base: 0x0000000000000000, Narrow klass shift: 0, Narrow klass range: 0x0

GC Precious Log:
 CardTable entry size: 512
 Card Set container configuration: InlinePtr #cards 5 size 8 Array Of Cards #cards 12 size 40 Howl #buckets 4 coarsen threshold 1843 Howl Bitmap #cards 512 size 80 coarsen threshold 460 Card regions per heap region 1 cards per card region 2048

Heap:
 garbage-first heap   total 0K, used 0K [0x0000000084400000, 0x0000000100000000)
  region size 1024K, 0 young (0K), 0 survivors (0K)
 Metaspace       used 0K, committed 0K, reserved 0K
  class space    used 0K, committed 0K, reserved 0K

Heap Regions: E=young(eden), S=young(survivor), O=old, HS=humongous(starts), HC=humongous(continues), CS=collection set, F=free, TAMS=top-at-mark-start, PB=parsable bottom

Card table byte_map: [0x0000023ca4a80000,0x0000023ca4e60000] _byte_map_base: 0x0000023ca465e000

Marking Bits: (CMBitMap*) 0x0000023c9137f730
 Bits: [0x0000023ca4e60000, 0x0000023ca6d50000)

GC Heap History (0 events):
No events

Dll operation events (1 events):
Event: 0.011 Loaded shared library C:\Users\david\AppData\Local\Programs\PyCharm\jbr\bin\java.dll

Deoptimization events (0 events):
No events

Classes loaded (0 events):
No events

Classes unloaded (0 events):
No events

Classes redefined (0 events):
No events

Internal exceptions (0 events):
No events

ZGC Phase Switch (0 events):
No events

VM Operations (0 events):
No events

Memory protections (0 events):
No events

Nmethod flushes (0 events):
No events

Events (0 events):
No events


Dynamic libraries:
0x00007ff7b6820000 - 0x00007ff7b682a000 	C:\Users\david\AppData\Local\Programs\PyCharm\jbr\bin\java.exe
0x00007ffa1d5e0000 - 0x00007ffa1d847000 	C:\WINDOWS\SYSTEM32\ntdll.dll
0x00007ffa1ccc0000 - 0x00007ffa1cd89000 	C:\WINDOWS\System32\KERNEL32.DLL
0x00007ffa1ab30000 - 0x00007ffa1af1f000 	C:\WINDOWS\System32\KERNELBASE.dll
0x00007ffa1a7e0000 - 0x00007ffa1a92b000 	C:\WINDOWS\System32\ucrtbase.dll
0x00007ff9b5070000 - 0x00007ff9b5088000 	C:\Users\david\AppData\Local\Programs\PyCharm\jbr\bin\jli.dll
0x00007ff9f9f00000 - 0x00007ff9f9f1b000 	C:\Users\david\AppData\Local\Programs\PyCharm\jbr\bin\VCRUNTIME140.dll
0x00007ffa1b3c0000 - 0x00007ffa1b585000 	C:\WINDOWS\System32\USER32.dll
0x00007ffa1b350000 - 0x00007ffa1b377000 	C:\WINDOWS\System32\win32u.dll
0x00007ffa01580000 - 0x00007ffa01813000 	C:\WINDOWS\WinSxS\amd64_microsoft.windows.common-controls_6595b64144ccf1df_6.0.26100.7309_none_3e05feeae336a044\COMCTL32.dll
0x00007ffa1c6e0000 - 0x00007ffa1c70b000 	C:\WINDOWS\System32\GDI32.dll
0x00007ffa1d250000 - 0x00007ffa1d2f9000 	C:\WINDOWS\System32\msvcrt.dll
0x00007ffa1b220000 - 0x00007ffa1b34c000 	C:\WINDOWS\System32\gdi32full.dll
0x00007ffa1b170000 - 0x00007ffa1b213000 	C:\WINDOWS\System32\msvcp_win.dll
0x00007ffa1d300000 - 0x00007ffa1d331000 	C:\WINDOWS\System32\IMM32.DLL
0x00007ffa13d00000 - 0x00007ffa13d0c000 	C:\Users\david\AppData\Local\Programs\PyCharm\jbr\bin\vcruntime140_1.dll
0x00007ff936800000 - 0x00007ff93688d000 	C:\Users\david\AppData\Local\Programs\PyCharm\jbr\bin\msvcp140.dll
0x00007ff93fd60000 - 0x00007ff940b2b000 	C:\Users\david\AppData\Local\Programs\PyCharm\jbr\bin\server\jvm.dll
0x00007ffa1d4e0000 - 0x00007ffa1d594000 	C:\WINDOWS\System32\ADVAPI32.dll
0x00007ffa1d1a0000 - 0x00007ffa1d246000 	C:\WINDOWS\System32\sechost.dll
0x00007ffa1c010000 - 0x00007ffa1c128000 	C:\WINDOWS\System32\RPCRT4.dll
0x00007ffa1c210000 - 0x00007ffa1c284000 	C:\WINDOWS\System32\WS2_32.dll
0x00007ffa1a590000 - 0x00007ffa1a5ee000 	C:\WINDOWS\SYSTEM32\POWRPROF.dll
0x00007ffa17990000 - 0x00007ffa179c5000 	C:\WINDOWS\SYSTEM32\WINMM.dll
0x00007ffa05ba0000 - 0x00007ffa05bab000 	C:\WINDOWS\SYSTEM32\VERSION.dll
0x00007ffa1a570000 - 0x00007ffa1a584000 	C:\WINDOWS\SYSTEM32\UMPDC.dll
0x00007ffa194e0000 - 0x00007ffa194fb000 	C:\WINDOWS\SYSTEM32\kernel.appcore.dll
0x00007ffa04740000 - 0x00007ffa0474a000 	C:\Users\david\AppData\Local\Programs\PyCharm\jbr\bin\jimage.dll
0x00007ffa17d80000 - 0x00007ffa17fc2000 	C:\WINDOWS\SYSTEM32\DBGHELP.DLL
0x00007ffa1ce10000 - 0x00007ffa1d195000 	C:\WINDOWS\System32\combase.dll
0x00007ffa1c290000 - 0x00007ffa1c366000 	C:\WINDOWS\System32\OLEAUT32.dll
0x00007ffa17950000 - 0x00007ffa1798c000 	C:\WINDOWS\SYSTEM32\dbgcore.DLL
0x00007ffa1a730000 - 0x00007ffa1a7d5000 	C:\WINDOWS\System32\bcryptPrimitives.dll
0x00007ff9f3f00000 - 0x00007ff9f3f20000 	C:\Users\david\AppData\Local\Programs\PyCharm\jbr\bin\java.dll

JVMTI agents: none

dbghelp: loaded successfully - version: 4.0.5 - missing functions: none
symbol engine: initialized successfully - sym options: 0x614 - pdb path: .;C:\Users\david\AppData\Local\Programs\PyCharm\jbr\bin;C:\WINDOWS\SYSTEM32;C:\WINDOWS\WinSxS\amd64_microsoft.windows.common-controls_6595b64144ccf1df_6.0.26100.7309_none_3e05feeae336a044;C:\Users\david\AppData\Local\Programs\PyCharm\jbr\bin\server

VM Arguments:
java_command: git4idea.http.GitAskPassApp Username for 'https://github.com': 
java_class_path (initial): C:/Users/david/AppData/Local/Programs/PyCharm/plugins/vcs-git/lib/git4idea-rt.jar;C:/Users/david/AppData/Local/Programs/PyCharm/lib/externalProcess-rt.jar
Launcher Type: SUN_STANDARD

[Global flags]
     intx CICompilerCount                          = 4                                         {product} {ergonomic}
     uint ConcGCThreads                            = 2                                         {product} {ergonomic}
     uint G1ConcRefinementThreads                  = 8                                         {product} {ergonomic}
   size_t G1HeapRegionSize                         = 1048576                                   {product} {ergonomic}
    uintx GCDrainStackTargetSize                   = 64                                        {product} {ergonomic}
   size_t InitialHeapSize                          = 130023424                                 {product} {ergonomic}
   size_t MarkStackSize                            = 4194304                                   {product} {ergonomic}
   size_t MaxHeapSize                              = 2076180480                                {product} {ergonomic}
   size_t MinHeapDeltaBytes                        = 1048576                                   {product} {ergonomic}
   size_t MinHeapSize                              = 8388608                                   {product} {ergonomic}
    uintx NonNMethodCodeHeapSize                   = 5839372                                {pd product} {ergonomic}
    uintx NonProfiledCodeHeapSize                  = 122909434                              {pd product} {ergonomic}
    uintx ProfiledCodeHeapSize                     = 122909434                              {pd product} {ergonomic}
    uintx ReservedCodeCacheSize                    = 251658240                              {pd product} {ergonomic}
     bool SegmentedCodeCache                       = true                                      {product} {ergonomic}
   size_t SoftMaxHeapSize                          = 2076180480                             {manageable} {ergonomic}
     bool UseCompressedOops                        = true                           {product lp64_product} {ergonomic}
     bool UseG1GC                                  = true                                      {product} {ergonomic}
     bool UseLargePagesIndividualAllocation        = false                                  {pd product} {ergonomic}

Logging:
Log output configuration:
 #0: stdout all=warning uptime,level,tags foldmultilines=false
 #1: stderr all=off uptime,level,tags foldmultilines=false

Environment Variables:
JAVA_HOME=C:\Program Files\Semeru\jdk-21.0.6.7-openj9
PATH=C:\Program Files\Git\mingw64\libexec\git-core;C:\Program Files\Git\mingw64\libexec\git-core;C:\Program Files\Git\mingw64\bin;C:\Program Files\Git\usr\bin;C:\Users\david\bin;C:\Program Files\Semeru\jdk-21.0.6.7-openj9\bin;C:\Program Files\Eclipse Adoptium\jdk-17.0.7.7-hotspot\bin;C:\WINDOWS\system32;C:\WINDOWS;C:\WINDOWS\System32\Wbem;C:\WINDOWS\System32\WindowsPowerShell\v1.0;C:\WINDOWS\System32\OpenSSH;C:\Program Files\dotnet;C:\ProgramData\chocolatey\bin;C:\Program Files\PuTTY;C:\Program Files\Git\cmd;C:\Program Files\Go\bin;C:\Program Files\apache-maven-3.9.9\bin;C:\Program Files (x86)\Microsoft SQL Server\160\DTS\Binn;C:\Program Files (x86)\Microsoft SQL Server\160\Tools\Binn;C:\Program Files\Microsoft SQL Server\160\Tools\Binn;C:\Program Files\Microsoft SQL Server\Client SDK\ODBC\170\Tools\Binn;C:\Program Files\Microsoft SQL Server\160\DTS\Binn;C:\Program Files\PowerShell\7;C:\Program Files\nodejs;C:\Users\david\AppData\Local\Programs\Python\Python313\Scripts;C:\Users\david\AppData\Local\Programs\Python\Python313;C:\Users\david\AppData\Local\Programs\Python\Launcher;C:\Program Files\MySQL\MySQL Shell 8.0\bin;C:\Users\david\OneDrive\Desktop\SDV 140\Scripts;C:\Users\david\OneDrive\Desktop\SDV 140;C:\Users\david\AppData\Local\Microsoft\WindowsApps;C:\Program Files\JetBrains\IntelliJ IDEA Community Edition 2022.1.2\bin;C:\Users\david\AppData\Local\Programs\Microsoft VS Code\bin;C:\Users\david\AppData\Local\GitHubDesktop\bin;C:\Users\david\AppData\Local\JetBrains\Toolbox\scripts;C:\Users\david\.dotnet\tools;C:\Users\david\AppData\Local\Microsoft\WindowsApps;C:\Users\david\go\bin;C:\Program Files (x86)\Nmap;C:\Users\david\AppData\Roaming\Microsoft\Windows\Start Menu\Programs\Python 3.13;C:\Users\david\AppData\Roaming\npm
USERNAME=david
DISPLAY=:0.0
LC_ALL=en_US.UTF-8
TERM=xterm-256color
TMPDIR=C:\Users\david\AppData\Local\Temp
OS=Windows_NT
PROCESSOR_IDENTIFIER=Intel64 Family 6 Model 140 Stepping 1, GenuineIntel
TMP=C:\Users\david\AppData\Local\Temp
TEMP=C:\Users\david\AppData\Local\Temp




Periodic native trim disabled

JNI global refs:
JNI global refs: 0, weak refs: 0

JNI global refs memory usage: 0, weak refs: 0

Process memory usage:
Resident Set Size: 12536K (0% of 8104744K total physical memory with 391464K free physical memory)

OOME stack traces (most recent first):
Classloader memory used:

---------------  S Y S T E M  ---------------

OS:
 Windows 11 , 64 bit Build 26100 (10.0.26100.7309)
OS uptime: 2 days 10:24 hours
Hyper-V role detected

CPU: total 8 (initial active 8) (4 cores per cpu, 2 threads per core) family 6 model 140 stepping 1 microcode 0xba, cx8, cmov, fxsr, ht, mmx, 3dnowpref, sse, sse2, sse3, ssse3, sse4.1, sse4.2, popcnt, lzcnt, tsc, tscinvbit, avx, avx2, aes, erms, clmul, bmi1, bmi2, adx, avx512f, avx512dq, avx512cd, avx512bw, avx512vl, sha, fma, vzeroupper, avx512_vpopcntdq, avx512_vpclmulqdq, avx512_vaes, avx512_vnni, clflush, clflushopt, clwb, avx512_vbmi2, avx512_vbmi, hv, rdtscp, rdpid, fsrm, gfni, avx512_bitalg, f16c, cet_ibt, cet_ss, avx512_ifma
Processor Information for processor 0
  Max Mhz: 2419, Current Mhz: 2419, Mhz Limit: 2419
Processor Information for processor 1
  Max Mhz: 2419, Current Mhz: 2419, Mhz Limit: 2419
Processor Information for processor 2
  Max Mhz: 2419, Current Mhz: 1209, Mhz Limit: 2419
Processor Information for processor 3
  Max Mhz: 2419, Current Mhz: 2419, Mhz Limit: 2419
Processor Information for processor 4
  Max Mhz: 2419, Current Mhz: 2419, Mhz Limit: 2419
Processor Information for processor 5
  Max Mhz: 2419, Current Mhz: 2419, Mhz Limit: 2419
Processor Information for processor 6
  Max Mhz: 2419, Current Mhz: 2419, Mhz Limit: 2419
Processor Information for processor 7
  Max Mhz: 2419, Current Mhz: 2419, Mhz Limit: 2419

Memory: 4k page, system-wide physical 7914M (382M free)
TotalPageFile size 32490M (AvailPageFile size 138M)
current process WorkingSet (physical memory assigned to process): 12M, peak: 12M
current process commit charge ("private bytes"): 60M, peak: 184M

vm_info: OpenJDK 64-Bit Server VM (21.0.8+1-b1038.72) for windows-amd64 JRE (21.0.8+1-b1038.72), built on 2025-09-08 by "builduser" with MS VC++ 16.10 / 16.11 (VS2019)

END.
